<?xml version="1.0" encoding="UTF-8"?>
<!-- Generated by org.testng.reporters.JUnitReportReporter -->
<testsuite skipped="0" hostname="DESKTOP-A7L5GQS" name="com.testng.UnitTesting" tests="1" failures="0" timestamp="27 Oct 2018 03:16:15 GMT" time="0.013" errors="0">
  <testcase name="getsalary" time="0.013" classname="com.testng.UnitTesting"/>
</testsuite> <!-- com.testng.UnitTesting -->
