<?xml version="1.0" encoding="UTF-8"?>
<!-- Generated by org.testng.reporters.JUnitReportReporter -->
<testsuite skipped="0" hostname="DESKTOP-A7L5GQS" name="com.testngtest.LoginTestng" tests="2" failures="0" timestamp="20 Oct 2018 23:30:23 GMT" time="2.143" errors="0">
  <testcase name="gcrLogin" time="2.079" classname="com.testngtest.LoginTestng"/>
  <testcase name="loginValidation" time="0.064" classname="com.testngtest.LoginTestng"/>
</testsuite> <!-- com.testngtest.LoginTestng -->
