<?xml version="1.0" encoding="UTF-8"?>
<!-- Generated by org.testng.reporters.JUnitReportReporter -->
<testsuite skipped="0" hostname="DESKTOP-A7L5GQS" name="com.testnglogin.LoginTestng" tests="2" failures="0" timestamp="27 Oct 2018 04:33:45 GMT" time="2.764" errors="0">
  <testcase name="loginValidation" time="0.501" classname="com.testnglogin.LoginTestng"/>
  <testcase name="gcrLogin" time="2.263" classname="com.testnglogin.LoginTestng"/>
</testsuite> <!-- com.testnglogin.LoginTestng -->
